

================================================================
== Vivado HLS Report for 'hls_action'
================================================================
* Date:           Fri Jan  4 17:51:10 2019

* Version:        2017.4 (Build 2086221 on Fri Dec 15 21:13:33 MST 2017)
* Project:        hlsUpperCase_xcvu9p-flgb2104-2l-e
* Solution:       helloworld
* Product family: virtexuplus
* Target device:  xcvu9p-flgb2104-2l-e


================================================================
== Performance Estimates
================================================================
+ Timing (ns): 
    * Summary: 
    +--------+-------+----------+------------+
    |  Clock | Target| Estimated| Uncertainty|
    +--------+-------+----------+------------+
    |ap_clk  |   4.00|      3.50|        0.50|
    +--------+-------+----------+------------+

+ Latency (clock cycles): 
    * Summary: 
    +-----+-----+-----+-----+---------+
    |  Latency  |  Interval | Pipeline|
    | min | max | min | max |   Type  |
    +-----+-----+-----+-----+---------+
    |    ?|    ?|    ?|    ?|   none  |
    +-----+-----+-----+-----+---------+

    + Detail: 
        * Instance: 
        +---------------------------+----------------+-----+-----+-----+-----+---------+
        |                           |                |  Latency  |  Interval | Pipeline|
        |          Instance         |     Module     | min | max | min | max |   Type  |
        +---------------------------+----------------+-----+-----+-----+-----+---------+
        |grp_process_action_fu_141  |process_action  |    ?|    ?|    ?|    ?|   none  |
        +---------------------------+----------------+-----+-----+-----+-----+---------+

        * Loop: 
        N/A



================================================================
== Utilization Estimates
================================================================
* Summary: 
+-----------------+---------+-------+---------+---------+-----+
|       Name      | BRAM_18K| DSP48E|    FF   |   LUT   | URAM|
+-----------------+---------+-------+---------+---------+-----+
|DSP              |        -|      -|        -|        -|    -|
|Expression       |        -|      -|        0|       20|    -|
|FIFO             |        -|      -|        -|        -|    -|
|Instance         |       59|      -|     5357|     7501|    -|
|Memory           |        -|      -|        -|        -|    -|
|Multiplexer      |        -|      -|        -|       78|    -|
|Register         |        -|      -|      285|        -|    -|
+-----------------+---------+-------+---------+---------+-----+
|Total            |       59|      0|     5642|     7599|    0|
+-----------------+---------+-------+---------+---------+-----+
|Available        |     4320|   6840|  2364480|  1182240|  960|
+-----------------+---------+-------+---------+---------+-----+
|Utilization (%)  |        1|      0|    ~0   |    ~0   |    0|
+-----------------+---------+-------+---------+---------+-----+

+ Detail: 
    * Instance: 
    +-----------------------------+---------------------------+---------+-------+------+------+
    |           Instance          |           Module          | BRAM_18K| DSP48E|  FF  |  LUT |
    +-----------------------------+---------------------------+---------+-------+------+------+
    |hls_action_ctrl_reg_s_axi_U  |hls_action_ctrl_reg_s_axi  |        0|      0|  2242|  4392|
    |hls_action_host_mem_m_axi_U  |hls_action_host_mem_m_axi  |       58|      0|  1415|  1585|
    |grp_process_action_fu_141    |process_action             |        1|      0|  1700|  1524|
    +-----------------------------+---------------------------+---------+-------+------+------+
    |Total                        |                           |       59|      0|  5357|  7501|
    +-----------------------------+---------------------------+---------+-------+------+------+

    * DSP48: 
    N/A

    * Memory: 
    N/A

    * FIFO: 
    N/A

    * Expression: 
    +---------------------------------+----------+-------+---+----+------------+------------+
    |          Variable Name          | Operation| DSP48E| FF| LUT| Bitwidth P0| Bitwidth P1|
    +---------------------------------+----------+-------+---+----+------------+------------+
    |ap_block_state2_on_subcall_done  |    and   |      0|  0|   9|           1|           1|
    |cond_fu_184_p2                   |   icmp   |      0|  0|  11|           8|           1|
    +---------------------------------+----------+-------+---+----+------------+------------+
    |Total                            |          |      0|  0|  20|           9|           2|
    +---------------------------------+----------+-------+---+----+------------+------------+

    * Multiplexer: 
    +-------------------------------------+----+-----------+-----+-----------+
    |                 Name                | LUT| Input Size| Bits| Total Bits|
    +-------------------------------------+----+-----------+-----+-----------+
    |ap_NS_fsm                            |  15|          3|    1|          3|
    |ap_phi_mux_storemerge_phi_fu_133_p4  |   9|          2|    5|         10|
    |host_mem_ARVALID                     |   9|          2|    1|          2|
    |host_mem_AWVALID                     |   9|          2|    1|          2|
    |host_mem_BREADY                      |   9|          2|    1|          2|
    |host_mem_RREADY                      |   9|          2|    1|          2|
    |host_mem_WVALID                      |   9|          2|    1|          2|
    |storemerge_reg_129                   |   9|          2|    5|         10|
    +-------------------------------------+----+-----------+-----+-----------+
    |Total                                |  78|         17|   16|         33|
    +-------------------------------------+----+-----------+-----+-----------+

    * Register: 
    +-------------------------------------------+----+----+-----+-----------+
    |                    Name                   | FF | LUT| Bits| Const Bits|
    +-------------------------------------------+----+----+-----+-----------+
    |act_reg_Data_in_addr_reg_258               |  64|   0|   64|          0|
    |act_reg_Data_in_size_reg_263               |  32|   0|   32|          0|
    |act_reg_Data_out_add_reg_268               |  64|   0|   64|          0|
    |ap_CS_fsm                                  |   2|   0|    2|          0|
    |ap_reg_grp_process_action_fu_141_ap_start  |   1|   0|    1|          0|
    |cond_reg_254                               |   1|   0|    1|          0|
    |din_gmem_V1_reg_249                        |  58|   0|   58|          0|
    |dout_gmem_V3_reg_244                       |  58|   0|   58|          0|
    |storemerge_reg_129                         |   5|   0|   14|          9|
    +-------------------------------------------+----+----+-----+-----------+
    |Total                                      | 285|   0|  294|          9|
    +-------------------------------------------+----+----+-----+-----------+



================================================================
== Interface
================================================================
* Summary: 
+-------------------------+-----+-----+------------+--------------+--------------+
|        RTL Ports        | Dir | Bits|  Protocol  | Source Object|    C Type    |
+-------------------------+-----+-----+------------+--------------+--------------+
|s_axi_ctrl_reg_AWVALID   |  in |    1|    s_axi   |   ctrl_reg   |  return void |
|s_axi_ctrl_reg_AWREADY   | out |    1|    s_axi   |   ctrl_reg   |  return void |
|s_axi_ctrl_reg_AWADDR    |  in |    9|    s_axi   |   ctrl_reg   |  return void |
|s_axi_ctrl_reg_WVALID    |  in |    1|    s_axi   |   ctrl_reg   |  return void |
|s_axi_ctrl_reg_WREADY    | out |    1|    s_axi   |   ctrl_reg   |  return void |
|s_axi_ctrl_reg_WDATA     |  in |   32|    s_axi   |   ctrl_reg   |  return void |
|s_axi_ctrl_reg_WSTRB     |  in |    4|    s_axi   |   ctrl_reg   |  return void |
|s_axi_ctrl_reg_ARVALID   |  in |    1|    s_axi   |   ctrl_reg   |  return void |
|s_axi_ctrl_reg_ARREADY   | out |    1|    s_axi   |   ctrl_reg   |  return void |
|s_axi_ctrl_reg_ARADDR    |  in |    9|    s_axi   |   ctrl_reg   |  return void |
|s_axi_ctrl_reg_RVALID    | out |    1|    s_axi   |   ctrl_reg   |  return void |
|s_axi_ctrl_reg_RREADY    |  in |    1|    s_axi   |   ctrl_reg   |  return void |
|s_axi_ctrl_reg_RDATA     | out |   32|    s_axi   |   ctrl_reg   |  return void |
|s_axi_ctrl_reg_RRESP     | out |    2|    s_axi   |   ctrl_reg   |  return void |
|s_axi_ctrl_reg_BVALID    | out |    1|    s_axi   |   ctrl_reg   |  return void |
|s_axi_ctrl_reg_BREADY    |  in |    1|    s_axi   |   ctrl_reg   |  return void |
|s_axi_ctrl_reg_BRESP     | out |    2|    s_axi   |   ctrl_reg   |  return void |
|ap_clk                   |  in |    1| ap_ctrl_hs |  hls_action  | return value |
|ap_rst_n                 |  in |    1| ap_ctrl_hs |  hls_action  | return value |
|interrupt                | out |    1| ap_ctrl_hs |  hls_action  | return value |
|m_axi_host_mem_AWVALID   | out |    1|    m_axi   |   host_mem   |    pointer   |
|m_axi_host_mem_AWREADY   |  in |    1|    m_axi   |   host_mem   |    pointer   |
|m_axi_host_mem_AWADDR    | out |   64|    m_axi   |   host_mem   |    pointer   |
|m_axi_host_mem_AWID      | out |    1|    m_axi   |   host_mem   |    pointer   |
|m_axi_host_mem_AWLEN     | out |    8|    m_axi   |   host_mem   |    pointer   |
|m_axi_host_mem_AWSIZE    | out |    3|    m_axi   |   host_mem   |    pointer   |
|m_axi_host_mem_AWBURST   | out |    2|    m_axi   |   host_mem   |    pointer   |
|m_axi_host_mem_AWLOCK    | out |    2|    m_axi   |   host_mem   |    pointer   |
|m_axi_host_mem_AWCACHE   | out |    4|    m_axi   |   host_mem   |    pointer   |
|m_axi_host_mem_AWPROT    | out |    3|    m_axi   |   host_mem   |    pointer   |
|m_axi_host_mem_AWQOS     | out |    4|    m_axi   |   host_mem   |    pointer   |
|m_axi_host_mem_AWREGION  | out |    4|    m_axi   |   host_mem   |    pointer   |
|m_axi_host_mem_AWUSER    | out |    1|    m_axi   |   host_mem   |    pointer   |
|m_axi_host_mem_WVALID    | out |    1|    m_axi   |   host_mem   |    pointer   |
|m_axi_host_mem_WREADY    |  in |    1|    m_axi   |   host_mem   |    pointer   |
|m_axi_host_mem_WDATA     | out |  512|    m_axi   |   host_mem   |    pointer   |
|m_axi_host_mem_WSTRB     | out |   64|    m_axi   |   host_mem   |    pointer   |
|m_axi_host_mem_WLAST     | out |    1|    m_axi   |   host_mem   |    pointer   |
|m_axi_host_mem_WID       | out |    1|    m_axi   |   host_mem   |    pointer   |
|m_axi_host_mem_WUSER     | out |    1|    m_axi   |   host_mem   |    pointer   |
|m_axi_host_mem_ARVALID   | out |    1|    m_axi   |   host_mem   |    pointer   |
|m_axi_host_mem_ARREADY   |  in |    1|    m_axi   |   host_mem   |    pointer   |
|m_axi_host_mem_ARADDR    | out |   64|    m_axi   |   host_mem   |    pointer   |
|m_axi_host_mem_ARID      | out |    1|    m_axi   |   host_mem   |    pointer   |
|m_axi_host_mem_ARLEN     | out |    8|    m_axi   |   host_mem   |    pointer   |
|m_axi_host_mem_ARSIZE    | out |    3|    m_axi   |   host_mem   |    pointer   |
|m_axi_host_mem_ARBURST   | out |    2|    m_axi   |   host_mem   |    pointer   |
|m_axi_host_mem_ARLOCK    | out |    2|    m_axi   |   host_mem   |    pointer   |
|m_axi_host_mem_ARCACHE   | out |    4|    m_axi   |   host_mem   |    pointer   |
|m_axi_host_mem_ARPROT    | out |    3|    m_axi   |   host_mem   |    pointer   |
|m_axi_host_mem_ARQOS     | out |    4|    m_axi   |   host_mem   |    pointer   |
|m_axi_host_mem_ARREGION  | out |    4|    m_axi   |   host_mem   |    pointer   |
|m_axi_host_mem_ARUSER    | out |    1|    m_axi   |   host_mem   |    pointer   |
|m_axi_host_mem_RVALID    |  in |    1|    m_axi   |   host_mem   |    pointer   |
|m_axi_host_mem_RREADY    | out |    1|    m_axi   |   host_mem   |    pointer   |
|m_axi_host_mem_RDATA     |  in |  512|    m_axi   |   host_mem   |    pointer   |
|m_axi_host_mem_RLAST     |  in |    1|    m_axi   |   host_mem   |    pointer   |
|m_axi_host_mem_RID       |  in |    1|    m_axi   |   host_mem   |    pointer   |
|m_axi_host_mem_RUSER     |  in |    1|    m_axi   |   host_mem   |    pointer   |
|m_axi_host_mem_RRESP     |  in |    2|    m_axi   |   host_mem   |    pointer   |
|m_axi_host_mem_BVALID    |  in |    1|    m_axi   |   host_mem   |    pointer   |
|m_axi_host_mem_BREADY    | out |    1|    m_axi   |   host_mem   |    pointer   |
|m_axi_host_mem_BRESP     |  in |    2|    m_axi   |   host_mem   |    pointer   |
|m_axi_host_mem_BID       |  in |    1|    m_axi   |   host_mem   |    pointer   |
|m_axi_host_mem_BUSER     |  in |    1|    m_axi   |   host_mem   |    pointer   |
+-------------------------+-----+-----+------------+--------------+--------------+

