

================================================================
== Vivado HLS Report for 'process_action'
================================================================
* Date:           Fri Jan  4 17:51:09 2019

* Version:        2017.4 (Build 2086221 on Fri Dec 15 21:13:33 MST 2017)
* Project:        hlsUpperCase_xcvu9p-flgb2104-2l-e
* Solution:       helloworld
* Product family: virtexuplus
* Target device:  xcvu9p-flgb2104-2l-e


================================================================
== Performance Estimates
================================================================
+ Timing (ns): 
    * Summary: 
    +--------+-------+----------+------------+
    |  Clock | Target| Estimated| Uncertainty|
    +--------+-------+----------+------------+
    |ap_clk  |   4.00|      3.50|        0.50|
    +--------+-------+----------+------------+

+ Latency (clock cycles): 
    * Summary: 
    +-----+-----+-----+-----+---------+
    |  Latency  |  Interval | Pipeline|
    | min | max | min | max |   Type  |
    +-----+-----+-----+-----+---------+
    |    ?|    ?|    ?|    ?|   none  |
    +-----+-----+-----+-----+---------+

    + Detail: 
        * Instance: 
        N/A

        * Loop: 
        +-------------------------+-----+-----+----------+-----------+-----------+------+----------+
        |                         |  Latency  | Iteration|  Initiation Interval  | Trip |          |
        |        Loop Name        | min | max |  Latency |  achieved |   target  | Count| Pipelined|
        +-------------------------+-----+-----+----------+-----------+-----------+------+----------+
        |- main_loop              |    ?|    ?|       208|          -|          -|     ?|    no    |
        | + uppercase_conversion  |  128|  128|         2|          -|          -|    64|    no    |
        +-------------------------+-----+-----+----------+-----------+-----------+------+----------+



================================================================
== Utilization Estimates
================================================================
* Summary: 
+-----------------+---------+-------+---------+---------+-----+
|       Name      | BRAM_18K| DSP48E|    FF   |   LUT   | URAM|
+-----------------+---------+-------+---------+---------+-----+
|DSP              |        -|      -|        -|        -|    -|
|Expression       |        -|      -|        0|      443|    -|
|FIFO             |        -|      -|        -|        -|    -|
|Instance         |        -|      -|        -|        -|    -|
|Memory           |        1|      -|        0|        0|    -|
|Multiplexer      |        -|      -|        -|     1081|    -|
|Register         |        -|      -|     1700|        -|    -|
+-----------------+---------+-------+---------+---------+-----+
|Total            |        1|      0|     1700|     1524|    0|
+-----------------+---------+-------+---------+---------+-----+
|Available        |     4320|   6840|  2364480|  1182240|  960|
+-----------------+---------+-------+---------+---------+-----+
|Utilization (%)  |    ~0   |      0|    ~0   |    ~0   |    0|
+-----------------+---------+-------+---------+---------+-----+

+ Detail: 
    * Instance: 
    N/A

    * DSP48: 
    N/A

    * Memory: 
    +--------+---------------------+---------+---+----+------+-----+------+-------------+
    | Memory |        Module       | BRAM_18K| FF| LUT| Words| Bits| Banks| W*Bits*Banks|
    +--------+---------------------+---------+---+----+------+-----+------+-------------+
    |text_U  |process_action_text  |        1|  0|   0|    64|    8|     1|          512|
    +--------+---------------------+---------+---+----+------+-----+------+-------------+
    |Total   |                     |        1|  0|   0|    64|    8|     1|          512|
    +--------+---------------------+---------+---+----+------+-----+------+-------------+

    * FIFO: 
    N/A

    * Expression: 
    +------------------------------+----------+-------+---+----+------------+------------+
    |         Variable Name        | Operation| DSP48E| FF| LUT| Bitwidth P0| Bitwidth P1|
    +------------------------------+----------+-------+---+----+------------+------------+
    |i_1_fu_1818_p2                |     +    |      0|  0|  15|           7|           1|
    |i_idx_1_fu_1839_p2            |     +    |      0|  0|  71|          64|           1|
    |o_idx_1_fu_1845_p2            |     +    |      0|  0|  71|          64|           1|
    |sum3_fu_1829_p2               |     +    |      0|  0|  71|          64|          64|
    |sum_fu_1135_p2                |     +    |      0|  0|  71|          64|          64|
    |tmp_71_fu_1869_p2             |     +    |      0|  0|  15|           8|           7|
    |size_fu_1834_p2               |     -    |      0|  0|  39|          32|          32|
    |or_cond_fu_1863_p2            |    and   |      0|  0|   9|           1|           1|
    |icmp_fu_1790_p2               |   icmp   |      0|  0|  20|          26|           1|
    |tmp_66_fu_1812_p2             |   icmp   |      0|  0|  11|           7|           8|
    |tmp_69_fu_1851_p2             |   icmp   |      0|  0|  11|           8|           7|
    |tmp_70_fu_1857_p2             |   icmp   |      0|  0|  11|           8|           7|
    |tmp_fu_1129_p2                |   icmp   |      0|  0|  20|          32|           1|
    |bytes_to_transfer_fu_1800_p3  |  select  |      0|  0|   8|           1|           7|
    +------------------------------+----------+-------+---+----+------------+------------+
    |Total                         |          |      0|  0| 443|         386|         202|
    +------------------------------+----------+-------+---+----+------------+------------+

    * Multiplexer: 
    +-----------------------------------------+-----+-----------+-----+-----------+
    |                   Name                  | LUT | Input Size| Bits| Total Bits|
    +-----------------------------------------+-----+-----------+-----+-----------+
    |ap_NS_fsm                                |  365|         83|    1|         83|
    |ap_sig_ioackin_m_axi_din_gmem_V_ARREADY  |    9|          2|    1|          2|
    |ap_sig_ioackin_m_axi_din_gmem_V_AWREADY  |    9|          2|    1|          2|
    |ap_sig_ioackin_m_axi_din_gmem_V_WREADY   |    9|          2|    1|          2|
    |din_gmem_V_blk_n_AR                      |    9|          2|    1|          2|
    |din_gmem_V_blk_n_AW                      |    9|          2|    1|          2|
    |din_gmem_V_blk_n_B                       |    9|          2|    1|          2|
    |din_gmem_V_blk_n_R                       |    9|          2|    1|          2|
    |din_gmem_V_blk_n_W                       |    9|          2|    1|          2|
    |i_idx1_reg_1062                          |    9|          2|   64|        128|
    |i_reg_1082                               |    9|          2|    7|         14|
    |o_idx1_reg_1072                          |    9|          2|   64|        128|
    |size1_reg_1052                           |    9|          2|   32|         64|
    |text_address0                            |  153|         34|    6|        204|
    |text_address1                            |  153|         34|    6|        204|
    |text_d0                                  |  149|         33|    8|        264|
    |text_d1                                  |  153|         34|    8|        272|
    +-----------------------------------------+-----+-----------+-----+-----------+
    |Total                                    | 1081|        242|  204|       1377|
    +-----------------------------------------+-----+-----------+-----+-----------+

    * Register: 
    +-----------------------------------------+----+----+-----+-----------+
    |                   Name                  | FF | LUT| Bits| Const Bits|
    +-----------------------------------------+----+----+-----+-----------+
    |ap_CS_fsm                                |  82|   0|   82|          0|
    |ap_reg_ioackin_m_axi_din_gmem_V_ARREADY  |   1|   0|    1|          0|
    |ap_reg_ioackin_m_axi_din_gmem_V_AWREADY  |   1|   0|    1|          0|
    |ap_reg_ioackin_m_axi_din_gmem_V_WREADY   |   1|   0|    1|          0|
    |bytes_to_transfer_ca_reg_2630            |   7|   0|   32|         25|
    |din_gmem_V_offset_ca_reg_1961            |  58|   0|   64|          6|
    |dout_gmem_V_offset_c_reg_1956            |  58|   0|   64|          6|
    |i_1_reg_2638                             |   7|   0|    7|          0|
    |i_idx1_reg_1062                          |  64|   0|   64|          0|
    |i_idx_1_reg_2659                         |  64|   0|   64|          0|
    |i_reg_1082                               |   7|   0|    7|          0|
    |o_idx1_reg_1072                          |  64|   0|   64|          0|
    |o_idx_1_reg_2664                         |  64|   0|   64|          0|
    |size1_reg_1052                           |  32|   0|   32|          0|
    |size_reg_2654                            |  32|   0|   32|          0|
    |sum3_reg_2649                            |  64|   0|   64|          0|
    |sum_reg_2299                             |  64|   0|   64|          0|
    |text_addr_64_reg_2643                    |   6|   0|    6|          0|
    |text_load_10_reg_2722                    |   8|   0|    8|          0|
    |text_load_11_reg_2727                    |   8|   0|    8|          0|
    |text_load_12_reg_2732                    |   8|   0|    8|          0|
    |text_load_13_reg_2737                    |   8|   0|    8|          0|
    |text_load_14_reg_2742                    |   8|   0|    8|          0|
    |text_load_15_reg_2747                    |   8|   0|    8|          0|
    |text_load_16_reg_2752                    |   8|   0|    8|          0|
    |text_load_17_reg_2757                    |   8|   0|    8|          0|
    |text_load_18_reg_2762                    |   8|   0|    8|          0|
    |text_load_19_reg_2767                    |   8|   0|    8|          0|
    |text_load_1_reg_2677                     |   8|   0|    8|          0|
    |text_load_20_reg_2772                    |   8|   0|    8|          0|
    |text_load_21_reg_2777                    |   8|   0|    8|          0|
    |text_load_22_reg_2782                    |   8|   0|    8|          0|
    |text_load_23_reg_2787                    |   8|   0|    8|          0|
    |text_load_24_reg_2792                    |   8|   0|    8|          0|
    |text_load_25_reg_2797                    |   8|   0|    8|          0|
    |text_load_26_reg_2802                    |   8|   0|    8|          0|
    |text_load_27_reg_2807                    |   8|   0|    8|          0|
    |text_load_28_reg_2812                    |   8|   0|    8|          0|
    |text_load_29_reg_2817                    |   8|   0|    8|          0|
    |text_load_2_reg_2682                     |   8|   0|    8|          0|
    |text_load_30_reg_2822                    |   8|   0|    8|          0|
    |text_load_31_reg_2827                    |   8|   0|    8|          0|
    |text_load_32_reg_2832                    |   8|   0|    8|          0|
    |text_load_33_reg_2837                    |   8|   0|    8|          0|
    |text_load_34_reg_2842                    |   8|   0|    8|          0|
    |text_load_35_reg_2847                    |   8|   0|    8|          0|
    |text_load_36_reg_2852                    |   8|   0|    8|          0|
    |text_load_37_reg_2857                    |   8|   0|    8|          0|
    |text_load_38_reg_2862                    |   8|   0|    8|          0|
    |text_load_39_reg_2867                    |   8|   0|    8|          0|
    |text_load_3_reg_2687                     |   8|   0|    8|          0|
    |text_load_40_reg_2872                    |   8|   0|    8|          0|
    |text_load_41_reg_2877                    |   8|   0|    8|          0|
    |text_load_42_reg_2882                    |   8|   0|    8|          0|
    |text_load_43_reg_2887                    |   8|   0|    8|          0|
    |text_load_44_reg_2892                    |   8|   0|    8|          0|
    |text_load_45_reg_2897                    |   8|   0|    8|          0|
    |text_load_46_reg_2902                    |   8|   0|    8|          0|
    |text_load_47_reg_2907                    |   8|   0|    8|          0|
    |text_load_48_reg_2912                    |   8|   0|    8|          0|
    |text_load_49_reg_2917                    |   8|   0|    8|          0|
    |text_load_4_reg_2692                     |   8|   0|    8|          0|
    |text_load_50_reg_2922                    |   8|   0|    8|          0|
    |text_load_51_reg_2927                    |   8|   0|    8|          0|
    |text_load_52_reg_2932                    |   8|   0|    8|          0|
    |text_load_53_reg_2937                    |   8|   0|    8|          0|
    |text_load_54_reg_2942                    |   8|   0|    8|          0|
    |text_load_55_reg_2947                    |   8|   0|    8|          0|
    |text_load_56_reg_2952                    |   8|   0|    8|          0|
    |text_load_57_reg_2957                    |   8|   0|    8|          0|
    |text_load_58_reg_2962                    |   8|   0|    8|          0|
    |text_load_59_reg_2967                    |   8|   0|    8|          0|
    |text_load_5_reg_2697                     |   8|   0|    8|          0|
    |text_load_60_reg_2972                    |   8|   0|    8|          0|
    |text_load_61_reg_2977                    |   8|   0|    8|          0|
    |text_load_62_reg_2988                    |   8|   0|    8|          0|
    |text_load_63_reg_2993                    |   8|   0|    8|          0|
    |text_load_6_reg_2702                     |   8|   0|    8|          0|
    |text_load_7_reg_2707                     |   8|   0|    8|          0|
    |text_load_8_reg_2712                     |   8|   0|    8|          0|
    |text_load_9_reg_2717                     |   8|   0|    8|          0|
    |text_load_reg_2672                       |   8|   0|    8|          0|
    |tmp_10_reg_2350                          |   8|   0|    8|          0|
    |tmp_11_reg_2355                          |   8|   0|    8|          0|
    |tmp_12_reg_2360                          |   8|   0|    8|          0|
    |tmp_13_reg_2365                          |   8|   0|    8|          0|
    |tmp_14_reg_2370                          |   8|   0|    8|          0|
    |tmp_15_reg_2375                          |   8|   0|    8|          0|
    |tmp_16_reg_2380                          |   8|   0|    8|          0|
    |tmp_17_reg_2385                          |   8|   0|    8|          0|
    |tmp_18_reg_2390                          |   8|   0|    8|          0|
    |tmp_19_reg_2395                          |   8|   0|    8|          0|
    |tmp_20_reg_2400                          |   8|   0|    8|          0|
    |tmp_21_reg_2405                          |   8|   0|    8|          0|
    |tmp_22_reg_2410                          |   8|   0|    8|          0|
    |tmp_23_reg_2415                          |   8|   0|    8|          0|
    |tmp_24_reg_2420                          |   8|   0|    8|          0|
    |tmp_25_reg_2425                          |   8|   0|    8|          0|
    |tmp_26_reg_2430                          |   8|   0|    8|          0|
    |tmp_27_reg_2435                          |   8|   0|    8|          0|
    |tmp_28_reg_2440                          |   8|   0|    8|          0|
    |tmp_29_reg_2445                          |   8|   0|    8|          0|
    |tmp_30_reg_2450                          |   8|   0|    8|          0|
    |tmp_31_reg_2455                          |   8|   0|    8|          0|
    |tmp_32_reg_2460                          |   8|   0|    8|          0|
    |tmp_33_reg_2465                          |   8|   0|    8|          0|
    |tmp_34_reg_2470                          |   8|   0|    8|          0|
    |tmp_35_reg_2475                          |   8|   0|    8|          0|
    |tmp_36_reg_2480                          |   8|   0|    8|          0|
    |tmp_37_reg_2485                          |   8|   0|    8|          0|
    |tmp_38_reg_2490                          |   8|   0|    8|          0|
    |tmp_39_reg_2495                          |   8|   0|    8|          0|
    |tmp_40_reg_2500                          |   8|   0|    8|          0|
    |tmp_41_reg_2505                          |   8|   0|    8|          0|
    |tmp_42_reg_2510                          |   8|   0|    8|          0|
    |tmp_43_reg_2515                          |   8|   0|    8|          0|
    |tmp_44_reg_2520                          |   8|   0|    8|          0|
    |tmp_45_reg_2525                          |   8|   0|    8|          0|
    |tmp_46_reg_2530                          |   8|   0|    8|          0|
    |tmp_47_reg_2535                          |   8|   0|    8|          0|
    |tmp_48_reg_2540                          |   8|   0|    8|          0|
    |tmp_49_reg_2545                          |   8|   0|    8|          0|
    |tmp_4_reg_2315                           |   8|   0|    8|          0|
    |tmp_50_reg_2550                          |   8|   0|    8|          0|
    |tmp_51_reg_2555                          |   8|   0|    8|          0|
    |tmp_52_reg_2560                          |   8|   0|    8|          0|
    |tmp_53_reg_2565                          |   8|   0|    8|          0|
    |tmp_54_reg_2570                          |   8|   0|    8|          0|
    |tmp_55_reg_2575                          |   8|   0|    8|          0|
    |tmp_56_reg_2580                          |   8|   0|    8|          0|
    |tmp_57_reg_2585                          |   8|   0|    8|          0|
    |tmp_58_reg_2590                          |   8|   0|    8|          0|
    |tmp_59_reg_2595                          |   8|   0|    8|          0|
    |tmp_5_reg_2335                           |   8|   0|    8|          0|
    |tmp_60_reg_2600                          |   8|   0|    8|          0|
    |tmp_61_reg_2605                          |   8|   0|    8|          0|
    |tmp_62_reg_2610                          |   8|   0|    8|          0|
    |tmp_63_reg_2615                          |   8|   0|    8|          0|
    |tmp_64_reg_2620                          |   8|   0|    8|          0|
    |tmp_65_reg_2625                          |   8|   0|    8|          0|
    |tmp_6_reg_2320                           |   8|   0|    8|          0|
    |tmp_72_reg_2310                          |   8|   0|    8|          0|
    |tmp_7_reg_2340                           |   8|   0|    8|          0|
    |tmp_8_reg_2325                           |   8|   0|    8|          0|
    |tmp_9_reg_2345                           |   8|   0|    8|          0|
    |tmp_s_reg_2330                           |   8|   0|    8|          0|
    +-----------------------------------------+----+----+-----+-----------+
    |Total                                    |1700|   0| 1737|         37|
    +-----------------------------------------+----+----+-----+-----------+



================================================================
== Interface
================================================================
* Summary: 
+---------------------------+-----+-----+------------+----------------------+--------------+
|         RTL Ports         | Dir | Bits|  Protocol  |     Source Object    |    C Type    |
+---------------------------+-----+-----+------------+----------------------+--------------+
|ap_clk                     |  in |    1| ap_ctrl_hs |    process_action    | return value |
|ap_rst                     |  in |    1| ap_ctrl_hs |    process_action    | return value |
|ap_start                   |  in |    1| ap_ctrl_hs |    process_action    | return value |
|ap_done                    | out |    1| ap_ctrl_hs |    process_action    | return value |
|ap_idle                    | out |    1| ap_ctrl_hs |    process_action    | return value |
|ap_ready                   | out |    1| ap_ctrl_hs |    process_action    | return value |
|m_axi_din_gmem_V_AWVALID   | out |    1|    m_axi   |      din_gmem_V      |    pointer   |
|m_axi_din_gmem_V_AWREADY   |  in |    1|    m_axi   |      din_gmem_V      |    pointer   |
|m_axi_din_gmem_V_AWADDR    | out |   64|    m_axi   |      din_gmem_V      |    pointer   |
|m_axi_din_gmem_V_AWID      | out |    1|    m_axi   |      din_gmem_V      |    pointer   |
|m_axi_din_gmem_V_AWLEN     | out |   32|    m_axi   |      din_gmem_V      |    pointer   |
|m_axi_din_gmem_V_AWSIZE    | out |    3|    m_axi   |      din_gmem_V      |    pointer   |
|m_axi_din_gmem_V_AWBURST   | out |    2|    m_axi   |      din_gmem_V      |    pointer   |
|m_axi_din_gmem_V_AWLOCK    | out |    2|    m_axi   |      din_gmem_V      |    pointer   |
|m_axi_din_gmem_V_AWCACHE   | out |    4|    m_axi   |      din_gmem_V      |    pointer   |
|m_axi_din_gmem_V_AWPROT    | out |    3|    m_axi   |      din_gmem_V      |    pointer   |
|m_axi_din_gmem_V_AWQOS     | out |    4|    m_axi   |      din_gmem_V      |    pointer   |
|m_axi_din_gmem_V_AWREGION  | out |    4|    m_axi   |      din_gmem_V      |    pointer   |
|m_axi_din_gmem_V_AWUSER    | out |    1|    m_axi   |      din_gmem_V      |    pointer   |
|m_axi_din_gmem_V_WVALID    | out |    1|    m_axi   |      din_gmem_V      |    pointer   |
|m_axi_din_gmem_V_WREADY    |  in |    1|    m_axi   |      din_gmem_V      |    pointer   |
|m_axi_din_gmem_V_WDATA     | out |  512|    m_axi   |      din_gmem_V      |    pointer   |
|m_axi_din_gmem_V_WSTRB     | out |   64|    m_axi   |      din_gmem_V      |    pointer   |
|m_axi_din_gmem_V_WLAST     | out |    1|    m_axi   |      din_gmem_V      |    pointer   |
|m_axi_din_gmem_V_WID       | out |    1|    m_axi   |      din_gmem_V      |    pointer   |
|m_axi_din_gmem_V_WUSER     | out |    1|    m_axi   |      din_gmem_V      |    pointer   |
|m_axi_din_gmem_V_ARVALID   | out |    1|    m_axi   |      din_gmem_V      |    pointer   |
|m_axi_din_gmem_V_ARREADY   |  in |    1|    m_axi   |      din_gmem_V      |    pointer   |
|m_axi_din_gmem_V_ARADDR    | out |   64|    m_axi   |      din_gmem_V      |    pointer   |
|m_axi_din_gmem_V_ARID      | out |    1|    m_axi   |      din_gmem_V      |    pointer   |
|m_axi_din_gmem_V_ARLEN     | out |   32|    m_axi   |      din_gmem_V      |    pointer   |
|m_axi_din_gmem_V_ARSIZE    | out |    3|    m_axi   |      din_gmem_V      |    pointer   |
|m_axi_din_gmem_V_ARBURST   | out |    2|    m_axi   |      din_gmem_V      |    pointer   |
|m_axi_din_gmem_V_ARLOCK    | out |    2|    m_axi   |      din_gmem_V      |    pointer   |
|m_axi_din_gmem_V_ARCACHE   | out |    4|    m_axi   |      din_gmem_V      |    pointer   |
|m_axi_din_gmem_V_ARPROT    | out |    3|    m_axi   |      din_gmem_V      |    pointer   |
|m_axi_din_gmem_V_ARQOS     | out |    4|    m_axi   |      din_gmem_V      |    pointer   |
|m_axi_din_gmem_V_ARREGION  | out |    4|    m_axi   |      din_gmem_V      |    pointer   |
|m_axi_din_gmem_V_ARUSER    | out |    1|    m_axi   |      din_gmem_V      |    pointer   |
|m_axi_din_gmem_V_RVALID    |  in |    1|    m_axi   |      din_gmem_V      |    pointer   |
|m_axi_din_gmem_V_RREADY    | out |    1|    m_axi   |      din_gmem_V      |    pointer   |
|m_axi_din_gmem_V_RDATA     |  in |  512|    m_axi   |      din_gmem_V      |    pointer   |
|m_axi_din_gmem_V_RLAST     |  in |    1|    m_axi   |      din_gmem_V      |    pointer   |
|m_axi_din_gmem_V_RID       |  in |    1|    m_axi   |      din_gmem_V      |    pointer   |
|m_axi_din_gmem_V_RUSER     |  in |    1|    m_axi   |      din_gmem_V      |    pointer   |
|m_axi_din_gmem_V_RRESP     |  in |    2|    m_axi   |      din_gmem_V      |    pointer   |
|m_axi_din_gmem_V_BVALID    |  in |    1|    m_axi   |      din_gmem_V      |    pointer   |
|m_axi_din_gmem_V_BREADY    | out |    1|    m_axi   |      din_gmem_V      |    pointer   |
|m_axi_din_gmem_V_BRESP     |  in |    2|    m_axi   |      din_gmem_V      |    pointer   |
|m_axi_din_gmem_V_BID       |  in |    1|    m_axi   |      din_gmem_V      |    pointer   |
|m_axi_din_gmem_V_BUSER     |  in |    1|    m_axi   |      din_gmem_V      |    pointer   |
|din_gmem_V_offset          |  in |   58|   ap_none  |   din_gmem_V_offset  |    scalar    |
|dout_gmem_V_offset         |  in |   58|   ap_none  |  dout_gmem_V_offset  |    scalar    |
|act_reg_Data_in_addr       |  in |   64|   ap_none  | act_reg_Data_in_addr |    scalar    |
|act_reg_Data_in_size       |  in |   32|   ap_none  | act_reg_Data_in_size |    scalar    |
|act_reg_Data_out_add       |  in |   64|   ap_none  | act_reg_Data_out_add |    scalar    |
+---------------------------+-----+-----+------------+----------------------+--------------+

